<?xml version="1.0" encoding="UTF-8"?>
<!-- Generated by org.testng.reporters.JUnitXMLReporter -->
<testsuite hostname="TARASENKO" tests="7" failures="0" timestamp="8 Nov 2016 06:52:33 GMT" time="139.292" errors="0">
  <testcase name="positiveSend" time="6.107" classname="TestScenarioE1"/>
  <testcase name="negativeSend" time="5.044" classname="TestScenarioE2"/>
  <testcase name="registrationTest" time="12.277" classname="TestScenarioE3"/>
  <testcase name="searchingTest" time="2.597" classname="TestScenarioE4"/>
  <testcase name="cardTest" time="6.354" classname="TestScenarioE5"/>
  <testcase name="tShortExistTest" time="2.467" classname="TestScenarioE6"/>
  <testcase name="tShortExistTest" time="28.528" classname="TestScenarioE7"/>
</testsuite>
